Line 51: Cannot load control panControls; license not found.
Line 139: Cannot load control panEEDESC; license not found.
Line 178: Cannot load control Panel3D2; license not found.
Line 249: Cannot load control chkUISecurity; license not found.
Line 273: Cannot load control chkUMSecurity; license not found.
Line 296: Cannot load control SSPanel1; license not found.
Line 463: Cannot load control panWindow; license not found.
Line 548: Cannot load control chkAMSecurity; license not found.
Line 570: Cannot load control chkAISecurity; license not found.
Line 1269: Cannot load control chkViewOwnCounsel; license not found.
Line 1293: Cannot load control chkViewOwnOthInfo; license not found.
Line 1525: Cannot load control chkMSecurity; license not found.
Line 1546: Cannot load control chkSecurity; license not found.
Line 2566: Cannot load control chkEESecurity; license not found.
Line 2615: Cannot load control chkEESIN; license not found.
Line 2757: Cannot load control chkASecurity; license not found.
Line 2875: Cannot load control chkEEMarital; license not found.
Line 2923: Cannot load control chkPswdLocked; license not found.
Line 3008: Cannot load control chkEEDOB; license not found.
Line 3032: Cannot load control chkEEADDRESS; license not found.
Line 3056: Cannot load control chkDSecurity; license not found.
Line 3081: Cannot load control chkNHireSecurity; license not found.
Line 3105: Cannot load control chkViewOwnComm; license not found.
Line 3129: Cannot load control chkViewOwnFollUp; license not found.
Line 3201: Cannot load control chkACommentSecurity; license not found.
Line 3226: Cannot load control chkViewOwnPerform; license not found.
Line 3505: Cannot load control chkUSecurity; license not found.
Line 4513: Cannot load control chkIESecurity; license not found.
Line 6897: Cannot load control chkSSecurity; license not found.
Line 9837: Cannot load control chkMCSecurity; license not found.
Line 11751: Cannot load control chkViewOwnSuccPlan; license not found.
Line 11775: Cannot load control chkViewOwnEmpFlags; license not found.
Line 11799: Cannot load control chkViewOwnEmpHis; license not found.
Line 11823: Cannot load control chkViewOwnGLDist; license not found.
